{"numTotalTestSuites":8,"numPassedTestSuites":8,"numFailedTestSuites":0,"numPendingTestSuites":0,"numTotalTests":23,"numPassedTests":1,"numFailedTests":0,"numPendingTests":22,"numTodoTests":0,"snapshot":{"added":0,"failure":false,"filesAdded":0,"filesRemoved":0,"filesRemovedList":[],"filesUnmatched":0,"filesUpdated":0,"matched":0,"total":0,"unchecked":0,"uncheckedKeysByFile":[],"unmatched":0,"updated":0,"didUpdate":false},"startTime":1758708820480,"success":true,"testResults":[{"assertionResults":[{"ancestorTitles":["DashboardAnalytics Component","Layout & Structure"],"fullName":"DashboardAnalytics Component Layout & Structure should render dashboard with proper layout structure","status":"skipped","title":"should render dashboard with proper layout structure","failureMessages":[],"location":{"line":145,"column":5},"meta":{}},{"ancestorTitles":["DashboardAnalytics Component","Layout & Structure"],"fullName":"DashboardAnalytics Component Layout & Structure should be responsive and collapse sidebar on mobile","status":"skipped","title":"should be responsive and collapse sidebar on mobile","failureMessages":[],"location":{"line":165,"column":5},"meta":{}},{"ancestorTitles":["DashboardAnalytics Component","Layout & Structure"],"fullName":"DashboardAnalytics Component Layout & Structure should handle loading states properly","status":"skipped","title":"should handle loading states properly","failureMessages":[],"location":{"line":188,"column":5},"meta":{}},{"ancestorTitles":["DashboardAnalytics Component","Error Handling"],"fullName":"DashboardAnalytics Component Error Handling should show error boundary when API fails","status":"skipped","title":"should show error boundary when API fails","failureMessages":[],"location":{"line":203,"column":5},"meta":{}},{"ancestorTitles":["DashboardAnalytics Component","Error Handling"],"fullName":"DashboardAnalytics Component Error Handling should have retry functionality on error","status":"skipped","title":"should have retry functionality on error","failureMessages":[],"location":{"line":219,"column":5},"meta":{}},{"ancestorTitles":["EnhancedMetricCard Component"],"fullName":"EnhancedMetricCard Component should render metric card with all properties","status":"skipped","title":"should render metric card with all properties","failureMessages":[],"location":{"line":246,"column":3},"meta":{}},{"ancestorTitles":["EnhancedMetricCard Component"],"fullName":"EnhancedMetricCard Component should handle negative trends correctly","status":"skipped","title":"should handle negative trends correctly","failureMessages":[],"location":{"line":259,"column":3},"meta":{}},{"ancestorTitles":["EnhancedMetricCard Component"],"fullName":"EnhancedMetricCard Component should format large numbers properly","status":"skipped","title":"should format large numbers properly","failureMessages":[],"location":{"line":270,"column":3},"meta":{}},{"ancestorTitles":["EnhancedMetricCard Component"],"fullName":"EnhancedMetricCard Component should show loading state","status":"skipped","title":"should show loading state","failureMessages":[],"location":{"line":280,"column":3},"meta":{}},{"ancestorTitles":["EnhancedMetricCard Component"],"fullName":"EnhancedMetricCard Component should be accessible with proper ARIA labels","status":"skipped","title":"should be accessible with proper ARIA labels","failureMessages":[],"location":{"line":290,"column":3},"meta":{}},{"ancestorTitles":["SessionsTable Component"],"fullName":"SessionsTable Component should render sessions table with data","status":"skipped","title":"should render sessions table with data","failureMessages":[],"location":{"line":313,"column":3},"meta":{}},{"ancestorTitles":["SessionsTable Component"],"fullName":"SessionsTable Component should handle pagination correctly","status":"skipped","title":"should handle pagination correctly","failureMessages":[],"location":{"line":333,"column":3},"meta":{}},{"ancestorTitles":["SessionsTable Component"],"fullName":"SessionsTable Component should handle sorting by columns","status":"skipped","title":"should handle sorting by columns","failureMessages":[],"location":{"line":348,"column":3},"meta":{}},{"ancestorTitles":["SessionsTable Component"],"fullName":"SessionsTable Component should filter by severity","status":"skipped","title":"should filter by severity","failureMessages":[],"location":{"line":366,"column":3},"meta":{}},{"ancestorTitles":["SessionsTable Component"],"fullName":"SessionsTable Component should handle search functionality","status":"skipped","title":"should handle search functionality","failureMessages":[],"location":{"line":383,"column":3},"meta":{}},{"ancestorTitles":["SessionsTable Component"],"fullName":"SessionsTable Component should show empty state when no sessions","status":"passed","title":"should show empty state when no sessions","duration":40.36779999999999,"failureMessages":[],"location":{"line":402,"column":3},"meta":{}},{"ancestorTitles":["AnalyticsCharts Component"],"fullName":"AnalyticsCharts Component should render all chart types","status":"skipped","title":"should render all chart types","failureMessages":[],"location":{"line":420,"column":3},"meta":{}},{"ancestorTitles":["AnalyticsCharts Component"],"fullName":"AnalyticsCharts Component should handle chart interactions","status":"skipped","title":"should handle chart interactions","failureMessages":[],"location":{"line":437,"column":3},"meta":{}},{"ancestorTitles":["AnalyticsCharts Component"],"fullName":"AnalyticsCharts Component should be responsive and adjust to screen size","status":"skipped","title":"should be responsive and adjust to screen size","failureMessages":[],"location":{"line":455,"column":3},"meta":{}},{"ancestorTitles":["AnalyticsCharts Component"],"fullName":"AnalyticsCharts Component should show loading skeletons","status":"skipped","title":"should show loading skeletons","failureMessages":[],"location":{"line":475,"column":3},"meta":{}},{"ancestorTitles":["AnalyticsCharts Component"],"fullName":"AnalyticsCharts Component should handle empty data gracefully","status":"skipped","title":"should handle empty data gracefully","failureMessages":[],"location":{"line":485,"column":3},"meta":{}},{"ancestorTitles":["Dashboard Integration Tests"],"fullName":"Dashboard Integration Tests should integrate all components properly","status":"skipped","title":"should integrate all components properly","failureMessages":[],"location":{"line":503,"column":3},"meta":{}},{"ancestorTitles":["Dashboard Integration Tests"],"fullName":"Dashboard Integration Tests should handle real-time updates","status":"skipped","title":"should handle real-time updates","failureMessages":[],"location":{"line":518,"column":3},"meta":{}}],"startTime":1758708823554,"endTime":1758708823594.368,"status":"passed","message":"","name":"E:/dev-my-project/VN-Speech-Guardian/apps/web/src/test/components/dashboard/dashboard-analytics.test.tsx"}]}