{"numTotalTestSuites":8,"numPassedTestSuites":8,"numFailedTestSuites":0,"numPendingTestSuites":0,"numTotalTests":15,"numPassedTests":15,"numFailedTests":0,"numPendingTests":0,"numTodoTests":0,"snapshot":{"added":0,"failure":false,"filesAdded":0,"filesRemoved":0,"filesRemovedList":[],"filesUnmatched":0,"filesUpdated":0,"matched":0,"total":0,"unchecked":0,"uncheckedKeysByFile":[],"unmatched":0,"updated":0,"didUpdate":false},"startTime":1758525322603,"success":true,"testResults":[{"assertionResults":[{"ancestorTitles":["Router Functionality Tests","Route Loading and Navigation"],"fullName":"Router Functionality Tests Route Loading and Navigation should load home route correctly","status":"passed","title":"should load home route correctly","duration":1.9458000000004176,"failureMessages":[],"location":{"line":60,"column":5},"meta":{}},{"ancestorTitles":["Router Functionality Tests","Route Loading and Navigation"],"fullName":"Router Functionality Tests Route Loading and Navigation should navigate between public routes","status":"passed","title":"should navigate between public routes","duration":0.3757999999997992,"failureMessages":[],"location":{"line":67,"column":5},"meta":{}},{"ancestorTitles":["Router Functionality Tests","Route Loading and Navigation"],"fullName":"Router Functionality Tests Route Loading and Navigation should handle 404 not found routes","status":"passed","title":"should handle 404 not found routes","duration":0.17150000000037835,"failureMessages":[],"location":{"line":72,"column":5},"meta":{}},{"ancestorTitles":["Router Functionality Tests","Protected Routes and Auth Guards"],"fullName":"Router Functionality Tests Protected Routes and Auth Guards should redirect to login when accessing protected route without auth","status":"passed","title":"should redirect to login when accessing protected route without auth","duration":0.19530000000031578,"failureMessages":[],"location":{"line":79,"column":5},"meta":{}},{"ancestorTitles":["Router Functionality Tests","Protected Routes and Auth Guards"],"fullName":"Router Functionality Tests Protected Routes and Auth Guards should allow access to protected routes when authenticated","status":"passed","title":"should allow access to protected routes when authenticated","duration":0.20079999999961728,"failureMessages":[],"location":{"line":84,"column":5},"meta":{}},{"ancestorTitles":["Router Functionality Tests","Protected Routes and Auth Guards"],"fullName":"Router Functionality Tests Protected Routes and Auth Guards should preserve intended route after login","status":"passed","title":"should preserve intended route after login","duration":0.1926999999996042,"failureMessages":[],"location":{"line":89,"column":5},"meta":{}},{"ancestorTitles":["Router Functionality Tests","Error Handling"],"fullName":"Router Functionality Tests Error Handling should display error boundary when route throws error","status":"passed","title":"should display error boundary when route throws error","duration":0.15139999999973952,"failureMessages":[],"location":{"line":96,"column":5},"meta":{}},{"ancestorTitles":["Router Functionality Tests","Error Handling"],"fullName":"Router Functionality Tests Error Handling should show loading state during route transitions","status":"passed","title":"should show loading state during route transitions","duration":0.14280000000053406,"failureMessages":[],"location":{"line":101,"column":5},"meta":{}},{"ancestorTitles":["Router Functionality Tests","Route Parameters and Search"],"fullName":"Router Functionality Tests Route Parameters and Search should handle route parameters correctly","status":"passed","title":"should handle route parameters correctly","duration":0.3623999999999796,"failureMessages":[],"location":{"line":108,"column":5},"meta":{}},{"ancestorTitles":["Router Functionality Tests","Route Parameters and Search"],"fullName":"Router Functionality Tests Route Parameters and Search should handle search parameters","status":"passed","title":"should handle search parameters","duration":0.186399999999594,"failureMessages":[],"location":{"line":113,"column":5},"meta":{}},{"ancestorTitles":["Router Functionality Tests","Type Safety"],"fullName":"Router Functionality Tests Type Safety should have type-safe route definitions","status":"passed","title":"should have type-safe route definitions","duration":0.22929999999996653,"failureMessages":[],"location":{"line":120,"column":5},"meta":{}},{"ancestorTitles":["Router Functionality Tests","Type Safety"],"fullName":"Router Functionality Tests Type Safety should validate route parameters types","status":"passed","title":"should validate route parameters types","duration":0.13630000000011933,"failureMessages":[],"location":{"line":125,"column":5},"meta":{}},{"ancestorTitles":["Router Integration Tests"],"fullName":"Router Integration Tests should integrate with React Query correctly","status":"passed","title":"should integrate with React Query correctly","duration":0.09149999999954161,"failureMessages":[],"location":{"line":134,"column":3},"meta":{}},{"ancestorTitles":["Router Integration Tests"],"fullName":"Router Integration Tests should integrate with Clerk auth correctly","status":"passed","title":"should integrate with Clerk auth correctly","duration":0.06779999999980646,"failureMessages":[],"location":{"line":139,"column":3},"meta":{}},{"ancestorTitles":["Router Integration Tests"],"fullName":"Router Integration Tests should handle concurrent route changes","status":"passed","title":"should handle concurrent route changes","duration":0.060499999999592546,"failureMessages":[],"location":{"line":144,"column":3},"meta":{}}],"startTime":1758525329428,"endTime":1758525329433.1362,"status":"passed","message":"","name":"E:/dev-my-project/VN-Speech-Guardian/apps/web/src/test/router.test.tsx"}]}